INFO:__main__:START Crawling information TIME : 2019-04-07 00:03:41.240923+08:00
INFO:root:accessed successfully  crawling page 1
INFO:root:accessed topic 台灣之星電話續約問題 successfully  crawling contents.....
INFO:root:accessed topic 有人跟我一樣被台星封鎖嗎？ successfully  crawling contents.....
INFO:root:accessed topic 台星188吃到飽晚上也塞機了... successfully  crawling contents.....
INFO:root:accessed topic 台星188家中固網設備比較與請益 (E8372+華碩AC51U... successfully  crawling contents.....
INFO:root:accessed successfully  crawling page 2
INFO:root:accessed topic 台灣之星轉回台灣之星怎麼作? successfully  crawling contents.....
INFO:root:accessed topic 台星388 21M吃到飽約滿 請問大家有沒有建議NP到那個方案? successfully  crawling contents.....
INFO:root:accessed topic 台灣之星怎麼了？2019第一個月客訴躍升第一名，竟然超越亞太... successfully  crawling contents.....
INFO:root:accessed topic 【好友省序號】~台灣之星網路申辦門號~賺300元通話金 successfully  crawling contents.....
INFO:root:accessed successfully  crawling page 3
INFO:root:accessed topic 台灣之星愚人節方案168元1M吃到飽 successfully  crawling contents.....
INFO:root:accessed topic 台灣之星 U25 $399不限速吃到飽 successfully  crawling contents.....
INFO:root:accessed topic 佛系電信資費，台星當之有愧！ successfully  crawling contents.....
INFO:root:SUCCESSED Crawling
INFO:__main__:START Crawling information TIME : 2019-04-07 00:05:38.435956+08:00
INFO:root:accessed successfully  crawling page 1
INFO:root:accessed topic 台灣之星電話續約問題 successfully  crawling contents.....
INFO:root:accessed topic 有人跟我一樣被台星封鎖嗎？ successfully  crawling contents.....
INFO:root:accessed topic 台星188吃到飽晚上也塞機了... successfully  crawling contents.....
INFO:root:accessed topic 台星188家中固網設備比較與請益 (E8372+華碩AC51U... successfully  crawling contents.....
INFO:root:accessed successfully  crawling page 2
INFO:root:accessed topic 台灣之星轉回台灣之星怎麼作? successfully  crawling contents.....
INFO:root:accessed topic 台星388 21M吃到飽約滿 請問大家有沒有建議NP到那個方案? successfully  crawling contents.....
INFO:root:accessed topic 台灣之星怎麼了？2019第一個月客訴躍升第一名，竟然超越亞太... successfully  crawling contents.....
INFO:root:accessed topic 【好友省序號】~台灣之星網路申辦門號~賺300元通話金 successfully  crawling contents.....
INFO:root:accessed successfully  crawling page 3
INFO:root:accessed topic 台灣之星愚人節方案168元1M吃到飽 successfully  crawling contents.....
INFO:root:accessed topic 台灣之星 U25 $399不限速吃到飽 successfully  crawling contents.....
INFO:root:accessed topic 佛系電信資費，台星當之有愧！ successfully  crawling contents.....
INFO:root:SUCCESSED Crawling TIME : 2019-04-07 00:05:44.844514+08:00
INFO:__main__:START Crawling information TIME : 2019-04-07 00:15:31.494624+08:00
INFO:root:accessed successfully  crawling page 1
INFO:root:accessed topic 有人跟我一樣被台星封鎖嗎？ successfully  crawling contents.....
INFO:root:accessed topic 台灣之星電話續約問題 successfully  crawling contents.....
INFO:root:accessed topic 常常有人出來說，台星只值88 successfully  crawling contents.....
INFO:root:accessed topic 台星188吃到飽晚上也塞機了... successfully  crawling contents.....
INFO:root:accessed topic 台星188家中固網設備比較與請益 (E8372+華碩AC51U... successfully  crawling contents.....
INFO:root:accessed successfully  crawling page 2
INFO:root:accessed topic 台灣之星轉回台灣之星怎麼作? successfully  crawling contents.....
INFO:root:accessed topic 台星388 21M吃到飽約滿 請問大家有沒有建議NP到那個方案? successfully  crawling contents.....
INFO:root:accessed topic 台灣之星怎麼了？2019第一個月客訴躍升第一名，竟然超越亞太... successfully  crawling contents.....
INFO:root:accessed topic 【好友省序號】~台灣之星網路申辦門號~賺300元通話金 successfully  crawling contents.....
INFO:root:accessed successfully  crawling page 3
INFO:root:accessed topic 台灣之星愚人節方案168元1M吃到飽 successfully  crawling contents.....
INFO:root:accessed topic 台灣之星 U25 $399不限速吃到飽 successfully  crawling contents.....
INFO:root:accessed topic 佛系電信資費，台星當之有愧！ successfully  crawling contents.....
INFO:root:SUCCESSED Crawling TIME : 2019-04-07 00:15:39.133998+08:00
INFO:root:TRASNFORMAING result to dataframe TIME : 2019-04-07 00:15:39.134167+08:00
INFO:root:SAVING dataframe to MySQL 5.7 TIME : 2019-04-07 00:15:39.154394+08:00
INFO:__main__:START Crawling information TIME : 2019-04-07 00:17:59.870840+08:00
INFO:root:accessed successfully  crawling page 1
INFO:root:accessed topic 有人跟我一樣被台星封鎖嗎？ successfully  crawling contents.....
INFO:root:accessed topic 台灣之星電話續約問題 successfully  crawling contents.....
INFO:root:accessed topic 常常有人出來說，台星只值88 successfully  crawling contents.....
INFO:root:accessed topic 台星188吃到飽晚上也塞機了... successfully  crawling contents.....
INFO:root:accessed topic 台星188家中固網設備比較與請益 (E8372+華碩AC51U... successfully  crawling contents.....
INFO:root:accessed successfully  crawling page 2
INFO:root:accessed topic 台灣之星轉回台灣之星怎麼作? successfully  crawling contents.....
INFO:root:accessed topic 台星388 21M吃到飽約滿 請問大家有沒有建議NP到那個方案? successfully  crawling contents.....
INFO:root:accessed topic 台灣之星怎麼了？2019第一個月客訴躍升第一名，竟然超越亞太... successfully  crawling contents.....
INFO:root:accessed topic 【好友省序號】~台灣之星網路申辦門號~賺300元通話金 successfully  crawling contents.....
INFO:root:accessed successfully  crawling page 3
INFO:root:accessed topic 台灣之星愚人節方案168元1M吃到飽 successfully  crawling contents.....
INFO:root:accessed topic 台灣之星 U25 $399不限速吃到飽 successfully  crawling contents.....
INFO:root:accessed topic 佛系電信資費，台星當之有愧！ successfully  crawling contents.....
INFO:root:SUCCESSED Crawling TIME : 2019-04-07 00:18:07.520876+08:00
INFO:root:TRASNFORMAING result to dataframe TIME : 2019-04-07 00:18:07.521008+08:00
INFO:root:SAVING dataframe to MySQL 5.7 TIME : 2019-04-07 00:18:07.540348+08:00
INFO:__main__:START Crawling information TIME : 2019-04-07 00:19:17.737048+08:00
INFO:root:accessed successfully  crawling page 1
INFO:root:accessed topic 有人跟我一樣被台星封鎖嗎？ successfully  crawling contents.....
INFO:root:accessed topic 台灣之星電話續約問題 successfully  crawling contents.....
INFO:root:accessed topic 常常有人出來說，台星只值88 successfully  crawling contents.....
INFO:root:accessed topic 台星188吃到飽晚上也塞機了... successfully  crawling contents.....
INFO:root:accessed topic 台星188家中固網設備比較與請益 (E8372+華碩AC51U... successfully  crawling contents.....
INFO:root:accessed successfully  crawling page 2
INFO:root:accessed topic 台灣之星轉回台灣之星怎麼作? successfully  crawling contents.....
INFO:root:accessed topic 台星388 21M吃到飽約滿 請問大家有沒有建議NP到那個方案? successfully  crawling contents.....
INFO:root:accessed topic 台灣之星怎麼了？2019第一個月客訴躍升第一名，竟然超越亞太... successfully  crawling contents.....
INFO:root:accessed topic 【好友省序號】~台灣之星網路申辦門號~賺300元通話金 successfully  crawling contents.....
INFO:root:accessed successfully  crawling page 3
INFO:root:accessed topic 台灣之星愚人節方案168元1M吃到飽 successfully  crawling contents.....
INFO:root:accessed topic 台灣之星 U25 $399不限速吃到飽 successfully  crawling contents.....
INFO:root:accessed topic 佛系電信資費，台星當之有愧！ successfully  crawling contents.....
INFO:root:SUCCESSED Crawling TIME : 2019-04-07 00:19:24.746568+08:00
INFO:root:TRASNFORMAING result to dataframe TIME : 2019-04-07 00:19:24.746692+08:00
INFO:root:SAVING dataframe to MySQL 5.7 TIME : 2019-04-07 00:19:24.765887+08:00
INFO:__main__:START Crawling information TIME : 2019-04-07 00:51:24.222348
INFO:root:accessed successfully  crawling page 1
INFO:root:accessed topic 有人跟我一樣被台星封鎖嗎？ successfully  crawling contents.....
INFO:root:accessed topic 台灣之星電話續約問題 successfully  crawling contents.....
INFO:root:accessed topic 常常有人出來說，台星只值88 successfully  crawling contents.....
INFO:root:accessed topic 台星188吃到飽晚上也塞機了... successfully  crawling contents.....
INFO:root:accessed topic 台星188家中固網設備比較與請益 (E8372+華碩AC51U... successfully  crawling contents.....
INFO:root:accessed successfully  crawling page 2
INFO:root:accessed topic 台灣之星轉回台灣之星怎麼作? successfully  crawling contents.....
INFO:root:accessed topic 台星388 21M吃到飽約滿 請問大家有沒有建議NP到那個方案? successfully  crawling contents.....
INFO:root:accessed topic 台灣之星怎麼了？2019第一個月客訴躍升第一名，竟然超越亞太... successfully  crawling contents.....
INFO:root:accessed topic 【好友省序號】~台灣之星網路申辦門號~賺300元通話金 successfully  crawling contents.....
INFO:root:accessed successfully  crawling page 3
INFO:root:accessed topic 台灣之星愚人節方案168元1M吃到飽 successfully  crawling contents.....
INFO:root:accessed topic 台灣之星 U25 $399不限速吃到飽 successfully  crawling contents.....
INFO:root:accessed topic 佛系電信資費，台星當之有愧！ successfully  crawling contents.....
INFO:root:SUCCESSED Crawling TIME : 2019-04-07 00:51:30.662454
INFO:root:TRASNFORMAING result to dataframe TIME : 2019-04-07 00:51:30.662587
INFO:root:SAVING dataframe to MySQL 5.7 TIME : 2019-04-07 00:51:30.681355
INFO:__main__:START Crawling information TIME : 2019-04-07 00:52:37.811509
INFO:root:accessed successfully  crawling page 1
INFO:root:accessed topic 有人跟我一樣被台星封鎖嗎？ successfully  crawling contents.....
INFO:root:accessed topic 台灣之星電話續約問題 successfully  crawling contents.....
INFO:root:accessed topic 常常有人出來說，台星只值88 successfully  crawling contents.....
INFO:root:accessed topic 台星188吃到飽晚上也塞機了... successfully  crawling contents.....
INFO:root:accessed topic 台星188家中固網設備比較與請益 (E8372+華碩AC51U... successfully  crawling contents.....
INFO:root:accessed successfully  crawling page 2
INFO:root:accessed topic 台灣之星轉回台灣之星怎麼作? successfully  crawling contents.....
INFO:root:accessed topic 台星388 21M吃到飽約滿 請問大家有沒有建議NP到那個方案? successfully  crawling contents.....
INFO:root:accessed topic 台灣之星怎麼了？2019第一個月客訴躍升第一名，竟然超越亞太... successfully  crawling contents.....
INFO:root:accessed topic 【好友省序號】~台灣之星網路申辦門號~賺300元通話金 successfully  crawling contents.....
INFO:root:accessed successfully  crawling page 3
INFO:root:accessed topic 台灣之星愚人節方案168元1M吃到飽 successfully  crawling contents.....
INFO:root:accessed topic 台灣之星 U25 $399不限速吃到飽 successfully  crawling contents.....
INFO:root:accessed topic 佛系電信資費，台星當之有愧！ successfully  crawling contents.....
INFO:root:SUCCESSED Crawling TIME : 2019-04-07 00:52:44.025925
INFO:root:TRASNFORMAING result to dataframe TIME : 2019-04-07 00:52:44.026041
INFO:root:SAVING dataframe to MySQL 5.7 TIME : 2019-04-07 00:52:44.039384
INFO:__main__:START Crawling information TIME : 2019-04-07 00:53:17.997937
INFO:root:accessed successfully  crawling page 1
INFO:root:accessed topic 有人跟我一樣被台星封鎖嗎？ successfully  crawling contents.....
INFO:root:accessed topic 台灣之星電話續約問題 successfully  crawling contents.....
INFO:root:accessed topic 常常有人出來說，台星只值88 successfully  crawling contents.....
INFO:root:accessed topic 台星188吃到飽晚上也塞機了... successfully  crawling contents.....
INFO:root:accessed topic 台星188家中固網設備比較與請益 (E8372+華碩AC51U... successfully  crawling contents.....
INFO:root:accessed successfully  crawling page 2
INFO:root:accessed topic 台灣之星轉回台灣之星怎麼作? successfully  crawling contents.....
INFO:root:accessed topic 台星388 21M吃到飽約滿 請問大家有沒有建議NP到那個方案? successfully  crawling contents.....
INFO:root:accessed topic 台灣之星怎麼了？2019第一個月客訴躍升第一名，竟然超越亞太... successfully  crawling contents.....
INFO:root:accessed topic 【好友省序號】~台灣之星網路申辦門號~賺300元通話金 successfully  crawling contents.....
INFO:root:accessed successfully  crawling page 3
INFO:root:accessed topic 台灣之星愚人節方案168元1M吃到飽 successfully  crawling contents.....
INFO:root:accessed topic 台灣之星 U25 $399不限速吃到飽 successfully  crawling contents.....
INFO:root:accessed topic 佛系電信資費，台星當之有愧！ successfully  crawling contents.....
INFO:root:SUCCESSED Crawling TIME : 2019-04-07 00:53:24.794520
INFO:root:TRASNFORMAING result to dataframe TIME : 2019-04-07 00:53:24.794667
INFO:root:SAVING dataframe to MySQL 5.7 TIME : 2019-04-07 00:53:24.799958
INFO:__main__:START Crawling information TIME : 2019-04-07 21:57:45.324878
INFO:root:accessed successfully  crawling page 1
INFO:root:accessed topic 台星新方案 還找媽祖來當廣告 方案太爛了 successfully  crawling contents.....
INFO:root:accessed topic 台灣之星電話續約問題 successfully  crawling contents.....
INFO:root:accessed topic 有人跟我一樣被台星封鎖嗎？ successfully  crawling contents.....
INFO:root:accessed topic 【好友省序號】~台灣之星網路申辦門號~賺300元通話金 successfully  crawling contents.....
INFO:root:accessed topic 台星門號限制只能三門 successfully  crawling contents.....
INFO:root:accessed topic 請問 - 台星21M 288吃到飽 ~ 經濟實用嗎? successfully  crawling contents.....
INFO:root:accessed successfully  crawling page 2
INFO:root:accessed topic 常常有人出來說，台星只值88 successfully  crawling contents.....
INFO:root:accessed topic 台星188吃到飽晚上也塞機了... successfully  crawling contents.....
INFO:root:accessed topic 台星188家中固網設備比較與請益 (E8372+華碩AC51U... successfully  crawling contents.....
INFO:root:accessed topic 台灣之星轉回台灣之星怎麼作? successfully  crawling contents.....
INFO:root:accessed topic 台星388 21M吃到飽約滿 請問大家有沒有建議NP到那個方案? successfully  crawling contents.....
INFO:root:accessed topic 台灣之星怎麼了？2019第一個月客訴躍升第一名，竟然超越亞太... successfully  crawling contents.....
INFO:root:accessed successfully  crawling page 3
INFO:root:accessed topic 台灣之星愚人節方案168元1M吃到飽 successfully  crawling contents.....
INFO:root:accessed topic 台灣之星 U25 $399不限速吃到飽 successfully  crawling contents.....
INFO:root:SUCCESSED Crawling TIME : 2019-04-07 21:57:54.156606
INFO:root:TRASNFORMAING result to dataframe TIME : 2019-04-07 21:57:54.156756
INFO:root:SAVING dataframe to MySQL 5.7 TIME : 2019-04-07 21:57:54.179460
INFO:__main__:START Crawling information TIME : 2019-04-07 23:38:44.849252
INFO:root:accessed successfully  crawling page 1
INFO:root:accessed topic 台星新方案 還找媽祖來當廣告 方案太爛了 successfully  crawling contents.....
INFO:root:accessed topic 台灣之星挺媽祖下殺188 successfully  crawling contents.....
INFO:root:accessed topic 台灣之星官網儲值100可以延長半年嗎? successfully  crawling contents.....
INFO:root:accessed topic 台灣之星電話續約問題 successfully  crawling contents.....
INFO:root:accessed topic 有人跟我一樣被台星封鎖嗎？ successfully  crawling contents.....
INFO:root:accessed topic 【好友省序號】~台灣之星網路申辦門號~賺300元通話金 successfully  crawling contents.....
INFO:root:accessed topic 台星門號限制只能三門 successfully  crawling contents.....
INFO:root:accessed topic 請問 - 台星21M 288吃到飽 ~ 經濟實用嗎? successfully  crawling contents.....
INFO:root:accessed successfully  crawling page 2
INFO:root:accessed topic 常常有人出來說，台星只值88 successfully  crawling contents.....
INFO:root:accessed topic 台星188吃到飽晚上也塞機了... successfully  crawling contents.....
INFO:root:accessed topic 台星188家中固網設備比較與請益 (E8372+華碩AC51U... successfully  crawling contents.....
INFO:root:accessed topic 台灣之星轉回台灣之星怎麼作? successfully  crawling contents.....
INFO:root:accessed topic 台星388 21M吃到飽約滿 請問大家有沒有建議NP到那個方案? successfully  crawling contents.....
INFO:root:accessed successfully  crawling page 3
INFO:root:accessed topic 台灣之星怎麼了？2019第一個月客訴躍升第一名，竟然超越亞太... successfully  crawling contents.....
INFO:root:accessed topic 台灣之星愚人節方案168元1M吃到飽 successfully  crawling contents.....
INFO:root:accessed topic 台灣之星 U25 $399不限速吃到飽 successfully  crawling contents.....
INFO:root:SUCCESSED Crawling TIME : 2019-04-07 23:38:53.651502
INFO:root:TRASNFORMAING result to dataframe TIME : 2019-04-07 23:38:53.651641
INFO:root:SAVING dataframe to MySQL 5.7 TIME : 2019-04-07 23:38:53.676459
